Traceback (most recent call last):
  File "/Library/Frameworks/Python.framework/Versions/3.9/lib/python3.9/site-packages/discord/ext/commands/core.py", line 85, in wrapped
    ret = await coro(*args, **kwargs)
  File "/Users/rohitpenta/Documents/GitHub/SchoolSimplified-Utils/main.py", line 202, in ping
    await ctx.send(embed=pingembed)
  File "/Library/Frameworks/Python.framework/Versions/3.9/lib/python3.9/site-packages/discord_components/client.py", line 66, in send_component_msg_prop
    return await self.send_component_msg(ctxorchannel.channel, *args, **kwargs)
  File "/Library/Frameworks/Python.framework/Versions/3.9/lib/python3.9/site-packages/discord_components/client.py", line 193, in send_component_msg
    data = await self.bot.http.request(
  File "/Library/Frameworks/Python.framework/Versions/3.9/lib/python3.9/site-packages/discord/http.py", line 248, in request
    raise Forbidden(r, data)
discord.errors.Forbidden: 403 Forbidden (error code: 50013): Missing Permissions

The above exception was the direct cause of the following exception:

Traceback (most recent call last):
  File "/Library/Frameworks/Python.framework/Versions/3.9/lib/python3.9/site-packages/discord/ext/commands/bot.py", line 939, in invoke
    await ctx.command.invoke(ctx)
  File "/Library/Frameworks/Python.framework/Versions/3.9/lib/python3.9/site-packages/discord/ext/commands/core.py", line 863, in invoke
    await injected(*ctx.args, **ctx.kwargs)
  File "/Library/Frameworks/Python.framework/Versions/3.9/lib/python3.9/site-packages/discord/ext/commands/core.py", line 94, in wrapped
    raise CommandInvokeError(exc) from exc
discord.ext.commands.errors.CommandInvokeError: Command raised an exception: Forbidden: 403 Forbidden (error code: 50013): Missing Permissions
